{
  "RSpec": {
    "coverage": {
      "/home/nik/src/rails/bergstrom_domain/app/helpers/application_helper.rb": {
        "lines": [
          1,
          null
        ]
      },
      "/home/nik/src/rails/bergstrom_domain/app/helpers/people_helper.rb": {
        "lines": [
          1,
          null
        ]
      },
      "/home/nik/src/rails/bergstrom_domain/app/controllers/events_controller.rb": {
        "lines": [
          1,
          1,
          null,
          1,
          7,
          null,
          null,
          1,
          null,
          1,
          5,
          null,
          null,
          1,
          null,
          1,
          5,
          5,
          2,
          null,
          3,
          null,
          null,
          null,
          1,
          0,
          0,
          null,
          0,
          null,
          null,
          null,
          1,
          2,
          2,
          null,
          null,
          1,
          null,
          1,
          7,
          null,
          0,
          null,
          null,
          1,
          5,
          null,
          null,
          null,
          null,
          null
        ]
      },
      "/home/nik/src/rails/bergstrom_domain/app/controllers/application_controller.rb": {
        "lines": [
          1,
          null,
          1,
          null,
          null,
          1,
          null
        ]
      },
      "/home/nik/src/rails/bergstrom_domain/app/models/event.rb": {
        "lines": [
          null,
          1,
          1,
          1,
          null,
          null,
          null,
          null,
          null,
          null,
          1,
          1,
          1,
          1,
          null,
          8,
          1,
          null,
          null,
          1,
          17,
          17,
          null,
          null,
          1,
          37,
          null,
          null
        ]
      },
      "/home/nik/src/rails/bergstrom_domain/app/models/application_record.rb": {
        "lines": [
          1,
          1,
          null
        ]
      },
      "/home/nik/src/rails/bergstrom_domain/app/controllers/people_controller.rb": {
        "lines": [
          null,
          null,
          0,
          0,
          null,
          0,
          0,
          0,
          null,
          0,
          null,
          0,
          0,
          0,
          null,
          0,
          null,
          0,
          0,
          0,
          0,
          0,
          0,
          0,
          0,
          null,
          0,
          0,
          0,
          0,
          0,
          0,
          0,
          null,
          0,
          0,
          0,
          0,
          null,
          0,
          null,
          0,
          0,
          0,
          0,
          0,
          null,
          0,
          0,
          0,
          0,
          0,
          0,
          0
        ],
        "branches": {}
      },
      "/home/nik/src/rails/bergstrom_domain/app/models/person.rb": {
        "lines": [
          null,
          0,
          0,
          0,
          null,
          null,
          0,
          0,
          null,
          null,
          0,
          0,
          0,
          null,
          null,
          0,
          0,
          0,
          null,
          0,
          null,
          0,
          0,
          null,
          0,
          0,
          0,
          0,
          0,
          null,
          0,
          null,
          0,
          0,
          0,
          0,
          0
        ],
        "branches": {}
      }
    },
    "timestamp": 1774268201
  }
}
