{
  "RSpec": {
    "coverage": {
      "/home/nik/src/rails/bergstrom_domain/app/helpers/application_helper.rb": {
        "lines": [
          1,
          null
        ]
      },
      "/home/nik/src/rails/bergstrom_domain/app/helpers/people_helper.rb": {
        "lines": [
          1,
          null
        ]
      },
      "/home/nik/src/rails/bergstrom_domain/app/models/person.rb": {
        "lines": [
          null,
          1,
          1,
          null,
          1,
          1,
          null,
          1,
          56,
          null,
          null,
          1,
          null,
          1,
          37,
          37,
          null,
          null,
          1,
          37,
          null,
          33,
          null,
          null,
          null,
          null,
          null,
          33,
          null,
          33,
          4,
          null,
          null,
          null
        ]
      },
      "/home/nik/src/rails/bergstrom_domain/app/models/application_record.rb": {
        "lines": [
          1,
          1,
          null
        ]
      },
      "/home/nik/src/rails/bergstrom_domain/app/controllers/people_controller.rb": {
        "lines": [
          null,
          null,
          1,
          1,
          null,
          1,
          6,
          null,
          null,
          1,
          null,
          1,
          3,
          null,
          null,
          1,
          null,
          1,
          3,
          3,
          1,
          null,
          2,
          null,
          null,
          null,
          1,
          3,
          1,
          null,
          2,
          null,
          null,
          null,
          1,
          2,
          2,
          null,
          null,
          1,
          null,
          1,
          17,
          null,
          1,
          null,
          null,
          1,
          6,
          null,
          null,
          null,
          null,
          null
        ]
      },
      "/home/nik/src/rails/bergstrom_domain/app/controllers/application_controller.rb": {
        "lines": [
          1,
          null,
          1,
          null,
          null,
          1,
          null
        ]
      }
    },
    "timestamp": 1774162191
  }
}
